# JRE version: Java(TM) SE Runtime Environment (21.0.6+8) (build 21.0.6+8-LTS-188)
# Java VM: Java HotSpot(TM) 64-Bit Server VM (21.0.6+8-LTS-188, mixed mode, sharing, tiered, compressed oops, compressed class ptrs, g1 gc, windows-amd64)
GC Precious Log:
 CardTable entry size: 512
 Card Set container configuration: InlinePtr #cards 5 size 8 Array Of Cards #cards 12 size 40 Howl #buckets 4 coarsen threshold 1843 Howl Bitmap #cards 512 size 80 coarsen threshold 460 Card regions per heap region 1 cards per card region 2048
 CPUs: 4 total, 4 available
 Memory: 4001M
 Large Page Support: Disabled
 NUMA Support: Disabled
 Compressed Oops: Enabled (32-bit)
 Heap Region Size: 1M
 Heap Min Capacity: 8M
 Heap Initial Capacity: 64M
 Heap Max Capacity: 1002M
 Pre-touch: Disabled
 Parallel Workers: 4
 Concurrent Workers: 1
 Concurrent Refinement Workers: 4
 Periodic GC: Disabled
Heap:
 garbage-first heap   total 55296K, used 37604K [0x00000000c1600000, 0x0000000100000000)
  region size 1024K, 10 young (10240K), 2 survivors (2048K)
 Metaspace       used 68388K, committed 69056K, reserved 1114112K
  class space    used 9453K, committed 9792K, reserved 1048576K
GC Heap History (20 events):
Event: 7.420 GC heap before
{Heap before GC invocations=8 (full 0):
 garbage-first heap   total 55296K, used 36025K [0x00000000c1600000, 0x0000000100000000)
  region size 1024K, 19 young (19456K), 3 survivors (3072K)
 Metaspace       used 35467K, committed 35968K, reserved 1114112K
  class space    used 4475K, committed 4736K, reserved 1048576K
}
Event: 7.426 GC heap after
{Heap after GC invocations=9 (full 0):
 garbage-first heap   total 55296K, used 21648K [0x00000000c1600000, 0x0000000100000000)
  region size 1024K, 2 young (2048K), 2 survivors (2048K)
 Metaspace       used 35467K, committed 35968K, reserved 1114112K
  class space    used 4475K, committed 4736K, reserved 1048576K
}
Event: 8.576 GC heap before
{Heap before GC invocations=10 (full 0):
 garbage-first heap   total 55296K, used 44176K [0x00000000c1600000, 0x0000000100000000)
  region size 1024K, 25 young (25600K), 2 survivors (2048K)
 Metaspace       used 41102K, committed 41664K, reserved 1114112K
  class space    used 5411K, committed 5632K, reserved 1048576K
}
Event: 8.579 GC heap after
{Heap after GC invocations=11 (full 0):
 garbage-first heap   total 55296K, used 22719K [0x00000000c1600000, 0x0000000100000000)
  region size 1024K, 3 young (3072K), 3 survivors (3072K)
 Metaspace       used 41102K, committed 41664K, reserved 1114112K
  class space    used 5411K, committed 5632K, reserved 1048576K
}
Event: 10.229 GC heap before
{Heap before GC invocations=11 (full 0):
 garbage-first heap   total 55296K, used 46271K [0x00000000c1600000, 0x0000000100000000)
  region size 1024K, 26 young (26624K), 3 survivors (3072K)
 Metaspace       used 47811K, committed 48384K, reserved 1114112K
  class space    used 6241K, committed 6464K, reserved 1048576K
}
Event: 10.237 GC heap after
{Heap after GC invocations=12 (full 0):
 garbage-first heap   total 55296K, used 25075K [0x00000000c1600000, 0x0000000100000000)
  region size 1024K, 4 young (4096K), 4 survivors (4096K)
 Metaspace       used 47811K, committed 48384K, reserved 1114112K
  class space    used 6241K, committed 6464K, reserved 1048576K
}
Event: 11.149 GC heap before
{Heap before GC invocations=12 (full 0):
 garbage-first heap   total 55296K, used 45555K [0x00000000c1600000, 0x0000000100000000)
  region size 1024K, 25 young (25600K), 4 survivors (4096K)
 Metaspace       used 54537K, committed 55168K, reserved 1114112K
  class space    used 7159K, committed 7424K, reserved 1048576K
}
Event: 11.157 GC heap after
{Heap after GC invocations=13 (full 0):
 garbage-first heap   total 55296K, used 26494K [0x00000000c1600000, 0x0000000100000000)
  region size 1024K, 2 young (2048K), 2 survivors (2048K)
 Metaspace       used 54537K, committed 55168K, reserved 1114112K
  class space    used 7159K, committed 7424K, reserved 1048576K
}
Event: 12.135 GC heap before
{Heap before GC invocations=13 (full 0):
 garbage-first heap   total 55296K, used 45950K [0x00000000c1600000, 0x0000000100000000)
  region size 1024K, 23 young (23552K), 2 survivors (2048K)
 Metaspace       used 59548K, committed 60160K, reserved 1114112K
  class space    used 7980K, committed 8256K, reserved 1048576K
}
Event: 12.139 GC heap after
{Heap after GC invocations=14 (full 0):
 garbage-first heap   total 55296K, used 27163K [0x00000000c1600000, 0x0000000100000000)
  region size 1024K, 2 young (2048K), 2 survivors (2048K)
 Metaspace       used 59548K, committed 60160K, reserved 1114112K
  class space    used 7980K, committed 8256K, reserved 1048576K
}
Event: 13.579 GC heap before
{Heap before GC invocations=15 (full 0):
 garbage-first heap   total 55296K, used 48667K [0x00000000c1600000, 0x0000000100000000)
  region size 1024K, 23 young (23552K), 2 survivors (2048K)
 Metaspace       used 63001K, committed 63616K, reserved 1114112K
  class space    used 8459K, committed 8704K, reserved 1048576K
}
Event: 13.587 GC heap after
{Heap after GC invocations=16 (full 0):
 garbage-first heap   total 55296K, used 29155K [0x00000000c1600000, 0x0000000100000000)
  region size 1024K, 3 young (3072K), 3 survivors (3072K)
 Metaspace       used 63001K, committed 63616K, reserved 1114112K
  class space    used 8459K, committed 8704K, reserved 1048576K
}
Event: 14.447 GC heap before
{Heap before GC invocations=16 (full 0):
 garbage-first heap   total 55296K, used 47587K [0x00000000c1600000, 0x0000000100000000)
  region size 1024K, 21 young (21504K), 3 survivors (3072K)
 Metaspace       used 66340K, committed 67072K, reserved 1114112K
  class space    used 9070K, committed 9408K, reserved 1048576K
}
Event: 14.461 GC heap after
{Heap after GC invocations=17 (full 0):
 garbage-first heap   total 55296K, used 30277K [0x00000000c1600000, 0x0000000100000000)
  region size 1024K, 2 young (2048K), 2 survivors (2048K)
 Metaspace       used 66340K, committed 67072K, reserved 1114112K
  class space    used 9070K, committed 9408K, reserved 1048576K
}
Event: 14.792 GC heap before
{Heap before GC invocations=17 (full 0):
 garbage-first heap   total 55296K, used 48709K [0x00000000c1600000, 0x0000000100000000)
  region size 1024K, 20 young (20480K), 2 survivors (2048K)
 Metaspace       used 66887K, committed 67584K, reserved 1114112K
  class space    used 9129K, committed 9472K, reserved 1048576K
}
Event: 14.797 GC heap after
{Heap after GC invocations=18 (full 0):
 garbage-first heap   total 55296K, used 30678K [0x00000000c1600000, 0x0000000100000000)
  region size 1024K, 2 young (2048K), 2 survivors (2048K)
 Metaspace       used 66887K, committed 67584K, reserved 1114112K
  class space    used 9129K, committed 9472K, reserved 1048576K
}
Event: 15.294 GC heap before
{Heap before GC invocations=19 (full 0):
 garbage-first heap   total 55296K, used 49110K [0x00000000c1600000, 0x0000000100000000)
  region size 1024K, 20 young (20480K), 2 survivors (2048K)
 Metaspace       used 68101K, committed 68800K, reserved 1114112K
  class space    used 9453K, committed 9792K, reserved 1048576K
}
Event: 15.300 GC heap after
{Heap after GC invocations=20 (full 0):
 garbage-first heap   total 55296K, used 31692K [0x00000000c1600000, 0x0000000100000000)
  region size 1024K, 2 young (2048K), 2 survivors (2048K)
 Metaspace       used 68101K, committed 68800K, reserved 1114112K
  class space    used 9453K, committed 9792K, reserved 1048576K
}
Event: 15.404 GC heap before
{Heap before GC invocations=20 (full 0):
 garbage-first heap   total 55296K, used 48076K [0x00000000c1600000, 0x0000000100000000)
  region size 1024K, 18 young (18432K), 2 survivors (2048K)
 Metaspace       used 68106K, committed 68800K, reserved 1114112K
  class space    used 9453K, committed 9792K, reserved 1048576K
}
Event: 15.408 GC heap after
{Heap after GC invocations=21 (full 0):
 garbage-first heap   total 55296K, used 31460K [0x00000000c1600000, 0x0000000100000000)
  region size 1024K, 2 young (2048K), 2 survivors (2048K)
 Metaspace       used 68106K, committed 68800K, reserved 1114112K
  class space    used 9453K, committed 9792K, reserved 1048576K
}

