# JRE version: Java(TM) SE Runtime Environment (21.0.6+8) (build 21.0.6+8-LTS-188)
# Java VM: Java HotSpot(TM) 64-Bit Server VM (21.0.6+8-LTS-188, mixed mode, sharing, tiered, compressed oops, compressed class ptrs, g1 gc, windows-amd64)
GC Precious Log:
 CardTable entry size: 512
 Card Set container configuration: InlinePtr #cards 5 size 8 Array Of Cards #cards 12 size 40 Howl #buckets 4 coarsen threshold 1843 Howl Bitmap #cards 512 size 80 coarsen threshold 460 Card regions per heap region 1 cards per card region 2048
 CPUs: 4 total, 4 available
 Memory: 4001M
 Large Page Support: Disabled
 NUMA Support: Disabled
 Compressed Oops: Enabled (32-bit)
 Heap Region Size: 1M
 Heap Min Capacity: 8M
 Heap Initial Capacity: 64M
 Heap Max Capacity: 1002M
 Pre-touch: Disabled
 Parallel Workers: 4
 Concurrent Workers: 1
 Concurrent Refinement Workers: 4
 Periodic GC: Disabled
Heap:
 garbage-first heap   total 55296K, used 40908K [0x00000000c1600000, 0x0000000100000000)
  region size 1024K, 23 young (23552K), 2 survivors (2048K)
 Metaspace       used 40435K, committed 40960K, reserved 1114112K
  class space    used 5282K, committed 5504K, reserved 1048576K
GC Heap History (16 events):
Event: 0.833 GC heap before
{Heap before GC invocations=0 (full 0):
 garbage-first heap   total 65536K, used 15360K [0x00000000c1600000, 0x0000000100000000)
  region size 1024K, 13 young (13312K), 0 survivors (0K)
 Metaspace       used 2764K, committed 2944K, reserved 1114112K
  class space    used 264K, committed 320K, reserved 1048576K
}
Event: 0.850 GC heap after
{Heap after GC invocations=1 (full 0):
 garbage-first heap   total 65536K, used 7936K [0x00000000c1600000, 0x0000000100000000)
  region size 1024K, 2 young (2048K), 2 survivors (2048K)
 Metaspace       used 2764K, committed 2944K, reserved 1114112K
  class space    used 264K, committed 320K, reserved 1048576K
}
Event: 1.648 GC heap before
{Heap before GC invocations=1 (full 0):
 garbage-first heap   total 65536K, used 19200K [0x00000000c1600000, 0x0000000100000000)
  region size 1024K, 13 young (13312K), 2 survivors (2048K)
 Metaspace       used 6369K, committed 6592K, reserved 1114112K
  class space    used 735K, committed 832K, reserved 1048576K
}
Event: 1.654 GC heap after
{Heap after GC invocations=2 (full 0):
 garbage-first heap   total 65536K, used 9047K [0x00000000c1600000, 0x0000000100000000)
  region size 1024K, 1 young (1024K), 1 survivors (1024K)
 Metaspace       used 6369K, committed 6592K, reserved 1114112K
  class space    used 735K, committed 832K, reserved 1048576K
}
Event: 2.626 GC heap before
{Heap before GC invocations=2 (full 0):
 garbage-first heap   total 65536K, used 35671K [0x00000000c1600000, 0x0000000100000000)
  region size 1024K, 28 young (28672K), 1 survivors (1024K)
 Metaspace       used 13792K, committed 14080K, reserved 1114112K
  class space    used 1659K, committed 1792K, reserved 1048576K
}
Event: 2.633 GC heap after
{Heap after GC invocations=3 (full 0):
 garbage-first heap   total 65536K, used 11477K [0x00000000c1600000, 0x0000000100000000)
  region size 1024K, 4 young (4096K), 4 survivors (4096K)
 Metaspace       used 13792K, committed 14080K, reserved 1114112K
  class space    used 1659K, committed 1792K, reserved 1048576K
}
Event: 4.105 GC heap before
{Heap before GC invocations=3 (full 0):
 garbage-first heap   total 65536K, used 45269K [0x00000000c1600000, 0x0000000100000000)
  region size 1024K, 38 young (38912K), 4 survivors (4096K)
 Metaspace       used 19818K, committed 20160K, reserved 1114112K
  class space    used 2350K, committed 2496K, reserved 1048576K
}
Event: 4.117 GC heap after
{Heap after GC invocations=4 (full 0):
 garbage-first heap   total 65536K, used 15141K [0x00000000c1600000, 0x0000000100000000)
  region size 1024K, 5 young (5120K), 5 survivors (5120K)
 Metaspace       used 19818K, committed 20160K, reserved 1114112K
  class space    used 2350K, committed 2496K, reserved 1048576K
}
Event: 4.444 GC heap before
{Heap before GC invocations=4 (full 0):
 garbage-first heap   total 65536K, used 23333K [0x00000000c1600000, 0x0000000100000000)
  region size 1024K, 14 young (14336K), 5 survivors (5120K)
 Metaspace       used 21169K, committed 21504K, reserved 1114112K
  class space    used 2585K, committed 2688K, reserved 1048576K
}
Event: 4.456 GC heap after
{Heap after GC invocations=5 (full 0):
 garbage-first heap   total 65536K, used 15938K [0x00000000c1600000, 0x0000000100000000)
  region size 1024K, 1 young (1024K), 1 survivors (1024K)
 Metaspace       used 21169K, committed 21504K, reserved 1114112K
  class space    used 2585K, committed 2688K, reserved 1048576K
}
Event: 5.684 GC heap before
{Heap before GC invocations=6 (full 0):
 garbage-first heap   total 55296K, used 47682K [0x00000000c1600000, 0x0000000100000000)
  region size 1024K, 32 young (32768K), 1 survivors (1024K)
 Metaspace       used 26591K, committed 27008K, reserved 1114112K
  class space    used 3370K, committed 3584K, reserved 1048576K
}
Event: 5.693 GC heap after
{Heap after GC invocations=7 (full 0):
 garbage-first heap   total 55296K, used 18432K [0x00000000c1600000, 0x0000000100000000)
  region size 1024K, 4 young (4096K), 4 survivors (4096K)
 Metaspace       used 26591K, committed 27008K, reserved 1114112K
  class space    used 3370K, committed 3584K, reserved 1048576K
}
Event: 7.594 GC heap before
{Heap before GC invocations=7 (full 0):
 garbage-first heap   total 55296K, used 43008K [0x00000000c1600000, 0x0000000100000000)
  region size 1024K, 29 young (29696K), 4 survivors (4096K)
 Metaspace       used 32776K, committed 33216K, reserved 1114112K
  class space    used 4143K, committed 4352K, reserved 1048576K
}
Event: 7.608 GC heap after
{Heap after GC invocations=8 (full 0):
 garbage-first heap   total 55296K, used 20480K [0x00000000c1600000, 0x0000000100000000)
  region size 1024K, 3 young (3072K), 3 survivors (3072K)
 Metaspace       used 32776K, committed 33216K, reserved 1114112K
  class space    used 4143K, committed 4352K, reserved 1048576K
}
Event: 8.383 GC heap before
{Heap before GC invocations=8 (full 0):
 garbage-first heap   total 55296K, used 35840K [0x00000000c1600000, 0x0000000100000000)
  region size 1024K, 20 young (20480K), 3 survivors (3072K)
 Metaspace       used 35472K, committed 35968K, reserved 1114112K
  class space    used 4474K, committed 4736K, reserved 1048576K
}
Event: 8.390 GC heap after
{Heap after GC invocations=9 (full 0):
 garbage-first heap   total 55296K, used 21452K [0x00000000c1600000, 0x0000000100000000)
  region size 1024K, 2 young (2048K), 2 survivors (2048K)
 Metaspace       used 35472K, committed 35968K, reserved 1114112K
  class space    used 4474K, committed 4736K, reserved 1048576K
}

